<?xml version="1.0" encoding="UTF-8"?>
<testng-results total="3" passed="0" failed="0" skipped="3">
  <reporter-output>
  </reporter-output>
  <suite started-at="2019-08-08T04:37:27Z" name="Default suite" finished-at="2019-08-08T04:37:27Z" duration-ms="32">
    <groups>
    </groups>
    <test started-at="2019-08-08T04:37:27Z" name="Default test" finished-at="2019-08-08T04:37:27Z" duration-ms="32">
      <class name="com.fd.testCases.LoginPageTest">
        <test-method signature="LoginPageTileTest()[pri:0, instance:com.fd.testCases.LoginPageTest@5af97850]" started-at="2019-08-08T00:37:27Z" name="LoginPageTileTest" finished-at="2019-08-08T00:37:27Z" duration-ms="0" status="SKIP">
          <reporter-output>
          </reporter-output>
        </test-method> <!-- LoginPageTileTest -->
        <test-method is-config="true" signature="tearDown()[pri:0, instance:com.fd.testCases.LoginPageTest@5af97850]" started-at="2019-08-08T00:37:27Z" name="tearDown" finished-at="2019-08-08T00:37:27Z" duration-ms="0" status="SKIP">
          <reporter-output>
          </reporter-output>
        </test-method> <!-- tearDown -->
        <test-method is-config="true" signature="setUp()[pri:0, instance:com.fd.testCases.LoginPageTest@5af97850]" started-at="2019-08-08T00:37:27Z" name="setUp" finished-at="2019-08-08T00:37:27Z" duration-ms="0" status="FAIL">
          <exception class="java.lang.NullPointerException">
            <full-stacktrace>
              <![CDATA[java.lang.NullPointerException
	at com.fd.base.TestBase.initialization(TestBase.java:39)
	at com.fd.testCases.LoginPageTest.setUp(LoginPageTest.java:23)
	at java.base/jdk.internal.reflect.NativeMethodAccessorImpl.invoke0(Native Method)
	at java.base/jdk.internal.reflect.NativeMethodAccessorImpl.invoke(NativeMethodAccessorImpl.java:62)
	at java.base/jdk.internal.reflect.DelegatingMethodAccessorImpl.invoke(DelegatingMethodAccessorImpl.java:43)
	at java.base/java.lang.reflect.Method.invoke(Method.java:567)
	at org.testng.internal.MethodInvocationHelper.invokeMethod(MethodInvocationHelper.java:80)
	at org.testng.internal.Invoker.invokeConfigurationMethod(Invoker.java:564)
	at org.testng.internal.Invoker.invokeConfigurations(Invoker.java:213)
	at org.testng.internal.Invoker.invokeMethod(Invoker.java:653)
	at org.testng.internal.Invoker.invokeTestMethod(Invoker.java:901)
	at org.testng.internal.Invoker.invokeTestMethods(Invoker.java:1231)
	at org.testng.internal.TestMethodWorker.invokeTestMethods(TestMethodWorker.java:127)
	at org.testng.internal.TestMethodWorker.run(TestMethodWorker.java:111)
	at org.testng.TestRunner.privateRun(TestRunner.java:767)
	at org.testng.TestRunner.run(TestRunner.java:617)
	at org.testng.SuiteRunner.runTest(SuiteRunner.java:334)
	at org.testng.SuiteRunner.runSequentially(SuiteRunner.java:329)
	at org.testng.SuiteRunner.privateRun(SuiteRunner.java:291)
	at org.testng.SuiteRunner.run(SuiteRunner.java:240)
	at org.testng.SuiteRunnerWorker.runSuite(SuiteRunnerWorker.java:52)
	at org.testng.SuiteRunnerWorker.run(SuiteRunnerWorker.java:86)
	at org.testng.TestNG.runSuitesSequentially(TestNG.java:1198)
	at org.testng.TestNG.runSuitesLocally(TestNG.java:1123)
	at org.testng.TestNG.run(TestNG.java:1031)
	at org.testng.remote.AbstractRemoteTestNG.run(AbstractRemoteTestNG.java:115)
	at org.testng.remote.RemoteTestNG.initAndRun(RemoteTestNG.java:251)
	at org.testng.remote.RemoteTestNG.main(RemoteTestNG.java:77)
]]>
            </full-stacktrace>
          </exception> <!-- java.lang.NullPointerException -->
          <reporter-output>
          </reporter-output>
        </test-method> <!-- setUp -->
        <test-method signature="loginTest()[pri:0, instance:com.fd.testCases.LoginPageTest@5af97850]" started-at="2019-08-08T00:37:27Z" name="loginTest" finished-at="2019-08-08T00:37:27Z" duration-ms="0" status="SKIP">
          <reporter-output>
          </reporter-output>
        </test-method> <!-- loginTest -->
        <test-method signature="fdLogo()[pri:0, instance:com.fd.testCases.LoginPageTest@5af97850]" started-at="2019-08-08T00:37:27Z" name="fdLogo" finished-at="2019-08-08T00:37:27Z" duration-ms="0" status="SKIP">
          <reporter-output>
          </reporter-output>
        </test-method> <!-- fdLogo -->
        <test-method is-config="true" signature="tearDown()[pri:0, instance:com.fd.testCases.LoginPageTest@5af97850]" started-at="2019-08-08T00:37:27Z" name="tearDown" finished-at="2019-08-08T00:37:27Z" duration-ms="0" status="SKIP">
          <reporter-output>
          </reporter-output>
        </test-method> <!-- tearDown -->
        <test-method is-config="true" signature="setUp()[pri:0, instance:com.fd.testCases.LoginPageTest@5af97850]" started-at="2019-08-08T00:37:27Z" name="setUp" finished-at="2019-08-08T00:37:27Z" duration-ms="0" status="SKIP">
          <reporter-output>
          </reporter-output>
        </test-method> <!-- setUp -->
        <test-method is-config="true" signature="tearDown()[pri:0, instance:com.fd.testCases.LoginPageTest@5af97850]" started-at="2019-08-08T00:37:27Z" name="tearDown" finished-at="2019-08-08T00:37:27Z" duration-ms="0" status="SKIP">
          <reporter-output>
          </reporter-output>
        </test-method> <!-- tearDown -->
        <test-method is-config="true" signature="setUp()[pri:0, instance:com.fd.testCases.LoginPageTest@5af97850]" started-at="2019-08-08T00:37:27Z" name="setUp" finished-at="2019-08-08T00:37:27Z" duration-ms="0" status="SKIP">
          <reporter-output>
          </reporter-output>
        </test-method> <!-- setUp -->
      </class> <!-- com.fd.testCases.LoginPageTest -->
    </test> <!-- Default test -->
  </suite> <!-- Default suite -->
</testng-results>
